<?xml version="1.0" encoding="UTF-8"?>
<!-- Generated by org.testng.reporters.JUnitXMLReporter -->
<testsuite ignored="0" hostname="DESKTOP-6SDKDLL" failures="1" tests="2" name="Test" time="287.472" errors="0" timestamp="2024-08-24T13:27:44 IST">
  <testcase classname="qa.tests.Testcases1" name="sampleMethodForEnteringCredentials" time="3.613">
    <skipped/>
  </testcase> <!-- sampleMethodForEnteringCredentials -->
  <testcase classname="qa.tests.Testcases1" name="sampleMethodForEnteringCredentials" time="3.581">
    <failure type="java.lang.AssertionError" message="Element not found expected [true] but found [false]">
      <![CDATA[java.lang.AssertionError: Element not found expected [true] but found [false]
at pageEvents.LoginPageEvents.verifyIfLoginPageIsLoaded(LoginPageEvents.java:12)
at qa.tests.Testcases1.sampleMethodForEnteringCredentials(Testcases1.java:18)
at java.base/java.util.ArrayList.forEach(ArrayList.java:1511)
... Removed 28 stack frames]]>
    </failure>
  </testcase> <!-- sampleMethodForEnteringCredentials -->
</testsuite> <!-- Test -->
